{"contracts\\IntercoinContract.sol":{"l":{"40":4,"41":3,"54":3,"56":3,"58":3,"59":3,"61":3,"63":3,"69":2,"73":1,"74":1,"75":1,"81":1,"86":3,"87":2,"89":2,"91":2,"92":2,"94":2,"99":12},"path":"g:\\_projects\\intercoin\\IntercoinContract\\src\\contracts\\IntercoinContract.sol","s":{"1":4,"2":3,"3":3,"4":3,"5":3,"6":3,"7":3,"8":2,"9":1,"10":1,"11":1,"12":1,"13":3,"14":2,"15":2,"16":2,"17":2,"18":2,"19":12},"b":{"1":[3,1],"2":[2,1]},"f":{"1":4,"2":3,"3":2,"4":1,"5":3,"6":12},"fnMap":{"1":{"name":"onlyFactory","line":39,"loc":{"start":{"line":39,"column":4},"end":{"line":42,"column":4}}},"2":{"name":"registerFactory","line":51,"loc":{"start":{"line":45,"column":4},"end":{"line":66,"column":4}}},"3":{"name":"checkInstance","line":68,"loc":{"start":{"line":68,"column":4},"end":{"line":70,"column":4}}},"4":{"name":"viewFactoryInstances","line":72,"loc":{"start":{"line":72,"column":4},"end":{"line":82,"column":4}}},"5":{"name":"registerInstance","line":84,"loc":{"start":{"line":84,"column":4},"end":{"line":96,"column":4}}},"6":{"name":"supportsInterface","line":98,"loc":{"start":{"line":98,"column":4},"end":{"line":103,"column":4}}}},"statementMap":{"1":{"start":{"line":40,"column":8},"end":{"line":40,"column":87}},"2":{"start":{"line":54,"column":8},"end":{"line":54,"column":35}},"3":{"start":{"line":56,"column":8},"end":{"line":56,"column":64}},"4":{"start":{"line":58,"column":8},"end":{"line":58,"column":77}},"5":{"start":{"line":59,"column":8},"end":{"line":59,"column":50}},"6":{"start":{"line":61,"column":8},"end":{"line":61,"column":73}},"7":{"start":{"line":63,"column":8},"end":{"line":63,"column":46}},"8":{"start":{"line":69,"column":8},"end":{"line":69,"column":40}},"9":{"start":{"line":73,"column":8},"end":{"line":73,"column":92}},"10":{"start":{"line":74,"column":8},"end":{"line":74,"column":2098}},"11":{"start":{"line":75,"column":12},"end":{"line":75,"column":2173}},"12":{"start":{"line":81,"column":8},"end":{"line":81,"column":18}},"13":{"start":{"line":86,"column":8},"end":{"line":86,"column":85}},"14":{"start":{"line":87,"column":8},"end":{"line":87,"column":35}},"15":{"start":{"line":89,"column":8},"end":{"line":89,"column":58}},"16":{"start":{"line":91,"column":8},"end":{"line":91,"column":62}},"17":{"start":{"line":92,"column":8},"end":{"line":92,"column":50}},"18":{"start":{"line":94,"column":8},"end":{"line":94,"column":41}},"19":{"start":{"line":99,"column":8},"end":{"line":99,"column":2910}}},"branchMap":{"1":{"line":40,"type":"if","locations":[{"start":{"line":40,"column":8},"end":{"line":40,"column":8}},{"start":{"line":40,"column":8},"end":{"line":40,"column":8}}]},"2":{"line":86,"type":"if","locations":[{"start":{"line":86,"column":8},"end":{"line":86,"column":8}},{"start":{"line":86,"column":8},"end":{"line":86,"column":8}}]}}},"contracts\\IntercoinTrait.sol":{"l":{"21":7,"22":6,"23":5,"24":5,"31":0,"38":1,"39":1,"46":4,"48":4,"52":4,"57":3,"58":2,"63":5,"67":9},"path":"g:\\_projects\\intercoin\\IntercoinContract\\src\\contracts\\IntercoinTrait.sol","s":{"1":7,"2":6,"3":5,"4":5,"5":0,"6":1,"7":1,"8":4,"9":4,"10":4,"11":3,"12":2,"13":5,"14":9},"b":{"1":[6,1],"2":[5,1],"3":[4,0],"4":[3,1],"5":[5,0]},"f":{"1":7,"2":0,"3":1,"4":4,"5":5,"6":9},"fnMap":{"1":{"name":"setIntercoinAddress","line":20,"loc":{"start":{"line":20,"column":4},"end":{"line":25,"column":4}}},"2":{"name":"getIntercoinAddress","line":30,"loc":{"start":{"line":30,"column":4},"end":{"line":32,"column":4}}},"3":{"name":"checkInstance","line":37,"loc":{"start":{"line":37,"column":4},"end":{"line":40,"column":4}}},"4":{"name":"_produce","line":45,"loc":{"start":{"line":45,"column":4},"end":{"line":60,"column":4}}},"5":{"name":"requireNotEmptyIntecoinAddress","line":62,"loc":{"start":{"line":62,"column":4},"end":{"line":64,"column":4}}},"6":{"name":"supportsInterface","line":66,"loc":{"start":{"line":66,"column":4},"end":{"line":71,"column":4}}}},"statementMap":{"1":{"start":{"line":21,"column":8},"end":{"line":21,"column":63}},"2":{"start":{"line":22,"column":8},"end":{"line":22,"column":50}},"3":{"start":{"line":23,"column":8},"end":{"line":23,"column":27}},"4":{"start":{"line":24,"column":8},"end":{"line":24,"column":21}},"5":{"start":{"line":31,"column":8},"end":{"line":31,"column":28}},"6":{"start":{"line":38,"column":8},"end":{"line":38,"column":39}},"7":{"start":{"line":39,"column":8},"end":{"line":39,"column":60}},"8":{"start":{"line":46,"column":8},"end":{"line":46,"column":39}},"9":{"start":{"line":48,"column":8},"end":{"line":48,"column":1496}},"10":{"start":{"line":52,"column":8},"end":{"line":52,"column":1651}},"11":{"start":{"line":57,"column":8},"end":{"line":57,"column":56}},"12":{"start":{"line":58,"column":8},"end":{"line":58,"column":64}},"13":{"start":{"line":63,"column":8},"end":{"line":63,"column":89}},"14":{"start":{"line":67,"column":8},"end":{"line":67,"column":2194}}},"branchMap":{"1":{"line":21,"type":"if","locations":[{"start":{"line":21,"column":8},"end":{"line":21,"column":8}},{"start":{"line":21,"column":8},"end":{"line":21,"column":8}}]},"2":{"line":22,"type":"if","locations":[{"start":{"line":22,"column":8},"end":{"line":22,"column":8}},{"start":{"line":22,"column":8},"end":{"line":22,"column":8}}]},"3":{"line":48,"type":"if","locations":[{"start":{"line":48,"column":8},"end":{"line":48,"column":8}},{"start":{"line":48,"column":8},"end":{"line":48,"column":8}}]},"4":{"line":52,"type":"if","locations":[{"start":{"line":52,"column":8},"end":{"line":52,"column":8}},{"start":{"line":52,"column":8},"end":{"line":52,"column":8}}]},"5":{"line":63,"type":"if","locations":[{"start":{"line":63,"column":8},"end":{"line":63,"column":8}},{"start":{"line":63,"column":8},"end":{"line":63,"column":8}}]}}},"contracts\\interfaces\\IIntercoin.sol":{"l":{},"path":"g:\\_projects\\intercoin\\IntercoinContract\\src\\contracts\\interfaces\\IIntercoin.sol","s":{},"b":{},"f":{},"fnMap":{},"statementMap":{},"branchMap":{}},"contracts\\interfaces\\IIntercoinTrait.sol":{"l":{},"path":"g:\\_projects\\intercoin\\IntercoinContract\\src\\contracts\\interfaces\\IIntercoinTrait.sol","s":{},"b":{},"f":{},"fnMap":{},"statementMap":{},"branchMap":{}},"contracts\\mocks\\MockFactory.sol":{"l":{"19":2,"20":2,"25":2,"27":2,"29":1,"30":1,"32":1,"33":1},"path":"g:\\_projects\\intercoin\\IntercoinContract\\src\\contracts\\mocks\\MockFactory.sol","s":{"1":2,"2":2,"3":2,"4":2,"5":1,"6":1,"7":1,"8":1},"b":{},"f":{"1":2,"2":2},"fnMap":{"1":{"name":"init","line":18,"loc":{"start":{"line":18,"column":4},"end":{"line":21,"column":4}}},"2":{"name":"produce","line":23,"loc":{"start":{"line":23,"column":4},"end":{"line":34,"column":4}}}},"statementMap":{"1":{"start":{"line":19,"column":8},"end":{"line":19,"column":23}},"2":{"start":{"line":20,"column":8},"end":{"line":20,"column":43}},"3":{"start":{"line":25,"column":8},"end":{"line":25,"column":48}},"4":{"start":{"line":27,"column":8},"end":{"line":27,"column":22}},"5":{"start":{"line":29,"column":8},"end":{"line":29,"column":39}},"6":{"start":{"line":30,"column":8},"end":{"line":30,"column":62}},"7":{"start":{"line":32,"column":8},"end":{"line":32,"column":38}},"8":{"start":{"line":33,"column":8},"end":{"line":33,"column":20}}},"branchMap":{}},"contracts\\mocks\\MockFactoryBad.sol":{"l":{"19":1,"20":1,"25":1,"27":1,"29":1,"31":0,"32":0,"34":0,"35":0},"path":"g:\\_projects\\intercoin\\IntercoinContract\\src\\contracts\\mocks\\MockFactoryBad.sol","s":{"1":1,"2":1,"3":1,"4":1,"5":1,"6":0,"7":0,"8":0,"9":0},"b":{},"f":{"1":1,"2":1},"fnMap":{"1":{"name":"init","line":18,"loc":{"start":{"line":18,"column":4},"end":{"line":21,"column":4}}},"2":{"name":"produce","line":23,"loc":{"start":{"line":23,"column":4},"end":{"line":36,"column":4}}}},"statementMap":{"1":{"start":{"line":19,"column":8},"end":{"line":19,"column":23}},"2":{"start":{"line":20,"column":8},"end":{"line":20,"column":43}},"3":{"start":{"line":25,"column":8},"end":{"line":25,"column":48}},"4":{"start":{"line":27,"column":8},"end":{"line":27,"column":22}},"5":{"start":{"line":29,"column":8},"end":{"line":29,"column":22}},"6":{"start":{"line":31,"column":8},"end":{"line":31,"column":39}},"7":{"start":{"line":32,"column":8},"end":{"line":32,"column":62}},"8":{"start":{"line":34,"column":8},"end":{"line":34,"column":38}},"9":{"start":{"line":35,"column":8},"end":{"line":35,"column":20}}},"branchMap":{}},"contracts\\mocks\\MockSimpleContract.sol":{"l":{"13":1,"17":0,"18":0,"22":0,"25":0,"29":1},"path":"g:\\_projects\\intercoin\\IntercoinContract\\src\\contracts\\mocks\\MockSimpleContract.sol","s":{"1":1,"2":0,"3":0,"4":0,"5":0,"6":1},"b":{},"f":{"1":1,"2":0,"3":0,"4":0,"5":1},"fnMap":{"1":{"name":"init","line":12,"loc":{"start":{"line":12,"column":4},"end":{"line":14,"column":4}}},"2":{"name":"setVal","line":16,"loc":{"start":{"line":16,"column":4},"end":{"line":19,"column":4}}},"3":{"name":"getVal","line":21,"loc":{"start":{"line":21,"column":4},"end":{"line":23,"column":4}}},"4":{"name":"getValMul2","line":24,"loc":{"start":{"line":24,"column":4},"end":{"line":26,"column":4}}},"5":{"name":"getSelfAddrRegisterAtIntercoin","line":28,"loc":{"start":{"line":28,"column":4},"end":{"line":30,"column":4}}}},"statementMap":{"1":{"start":{"line":13,"column":8},"end":{"line":13,"column":23}},"2":{"start":{"line":17,"column":8},"end":{"line":17,"column":33}},"3":{"start":{"line":18,"column":8},"end":{"line":18,"column":14}},"4":{"start":{"line":22,"column":8},"end":{"line":22,"column":18}},"5":{"start":{"line":25,"column":8},"end":{"line":25,"column":20}},"6":{"start":{"line":29,"column":8},"end":{"line":29,"column":43}}},"branchMap":{}},"contracts\\mocks\\MockSimpleContractBad.sol":{"l":{"11":0,"15":0,"16":0,"20":0,"23":0},"path":"g:\\_projects\\intercoin\\IntercoinContract\\src\\contracts\\mocks\\MockSimpleContractBad.sol","s":{"1":0,"2":0,"3":0,"4":0,"5":0},"b":{},"f":{"1":0,"2":0,"3":0,"4":0},"fnMap":{"1":{"name":"init","line":10,"loc":{"start":{"line":10,"column":4},"end":{"line":12,"column":4}}},"2":{"name":"setVal","line":14,"loc":{"start":{"line":14,"column":4},"end":{"line":17,"column":4}}},"3":{"name":"getVal","line":19,"loc":{"start":{"line":19,"column":4},"end":{"line":21,"column":4}}},"4":{"name":"getValMul2","line":22,"loc":{"start":{"line":22,"column":4},"end":{"line":24,"column":4}}}},"statementMap":{"1":{"start":{"line":11,"column":8},"end":{"line":11,"column":23}},"2":{"start":{"line":15,"column":8},"end":{"line":15,"column":33}},"3":{"start":{"line":16,"column":8},"end":{"line":16,"column":14}},"4":{"start":{"line":20,"column":8},"end":{"line":20,"column":18}},"5":{"start":{"line":23,"column":8},"end":{"line":23,"column":20}}},"branchMap":{}}}