TN:
SF:g:\_projects\intercoin\IntercoinContract\src\contracts\IntercoinContract.sol
FN:39,onlyFactory
FN:51,registerFactory
FN:68,checkInstance
FN:72,viewFactoryInstances
FN:84,registerInstance
FN:98,supportsInterface
FNF:6
FNH:6
FNDA:4,onlyFactory
FNDA:3,registerFactory
FNDA:2,checkInstance
FNDA:1,viewFactoryInstances
FNDA:3,registerInstance
FNDA:12,supportsInterface
DA:40,4
DA:41,3
DA:54,3
DA:56,3
DA:58,3
DA:59,3
DA:61,3
DA:63,3
DA:69,2
DA:73,1
DA:74,1
DA:75,1
DA:81,1
DA:86,3
DA:87,2
DA:89,2
DA:91,2
DA:92,2
DA:94,2
DA:99,12
LF:20
LH:20
BRDA:40,1,0,3
BRDA:40,1,1,1
BRDA:86,2,0,2
BRDA:86,2,1,1
BRF:4
BRH:4
end_of_record
TN:
SF:g:\_projects\intercoin\IntercoinContract\src\contracts\IntercoinTrait.sol
FN:20,setIntercoinAddress
FN:30,getIntercoinAddress
FN:37,checkInstance
FN:45,_produce
FN:62,requireNotEmptyIntecoinAddress
FN:66,supportsInterface
FNF:6
FNH:5
FNDA:7,setIntercoinAddress
FNDA:0,getIntercoinAddress
FNDA:1,checkInstance
FNDA:4,_produce
FNDA:5,requireNotEmptyIntecoinAddress
FNDA:9,supportsInterface
DA:21,7
DA:22,6
DA:23,5
DA:24,5
DA:31,0
DA:38,1
DA:39,1
DA:46,4
DA:48,4
DA:52,4
DA:57,3
DA:58,2
DA:63,5
DA:67,9
LF:14
LH:13
BRDA:21,1,0,6
BRDA:21,1,1,1
BRDA:22,2,0,5
BRDA:22,2,1,1
BRDA:48,3,0,4
BRDA:48,3,1,0
BRDA:52,4,0,3
BRDA:52,4,1,1
BRDA:63,5,0,5
BRDA:63,5,1,0
BRF:10
BRH:8
end_of_record
TN:
SF:g:\_projects\intercoin\IntercoinContract\src\contracts\interfaces\IIntercoin.sol
FNF:0
FNH:0
LF:0
LH:0
BRF:0
BRH:0
end_of_record
TN:
SF:g:\_projects\intercoin\IntercoinContract\src\contracts\interfaces\IIntercoinTrait.sol
FNF:0
FNH:0
LF:0
LH:0
BRF:0
BRH:0
end_of_record
TN:
SF:g:\_projects\intercoin\IntercoinContract\src\contracts\mocks\MockFactory.sol
FN:18,init
FN:23,produce
FNF:2
FNH:2
FNDA:2,init
FNDA:2,produce
DA:19,2
DA:20,2
DA:25,2
DA:27,2
DA:29,1
DA:30,1
DA:32,1
DA:33,1
LF:8
LH:8
BRF:0
BRH:0
end_of_record
TN:
SF:g:\_projects\intercoin\IntercoinContract\src\contracts\mocks\MockFactoryBad.sol
FN:18,init
FN:23,produce
FNF:2
FNH:2
FNDA:1,init
FNDA:1,produce
DA:19,1
DA:20,1
DA:25,1
DA:27,1
DA:29,1
DA:31,0
DA:32,0
DA:34,0
DA:35,0
LF:9
LH:5
BRF:0
BRH:0
end_of_record
TN:
SF:g:\_projects\intercoin\IntercoinContract\src\contracts\mocks\MockSimpleContract.sol
FN:12,init
FN:16,setVal
FN:21,getVal
FN:24,getValMul2
FN:28,getSelfAddrRegisterAtIntercoin
FNF:5
FNH:2
FNDA:1,init
FNDA:0,setVal
FNDA:0,getVal
FNDA:0,getValMul2
FNDA:1,getSelfAddrRegisterAtIntercoin
DA:13,1
DA:17,0
DA:18,0
DA:22,0
DA:25,0
DA:29,1
LF:6
LH:2
BRF:0
BRH:0
end_of_record
TN:
SF:g:\_projects\intercoin\IntercoinContract\src\contracts\mocks\MockSimpleContractBad.sol
FN:10,init
FN:14,setVal
FN:19,getVal
FN:22,getValMul2
FNF:4
FNH:0
FNDA:0,init
FNDA:0,setVal
FNDA:0,getVal
FNDA:0,getValMul2
DA:11,0
DA:15,0
DA:16,0
DA:20,0
DA:23,0
LF:5
LH:0
BRF:0
BRH:0
end_of_record
